2018-04-06 18:25:06,800 INFO o.a.j.u.JMeterUtils: Setting Locale to en_IN
2018-04-06 18:25:06,820 INFO o.a.j.JMeter: Loading user properties from: C:\Users\Yajana\apache-jmeter\jmeter-setup\apache-jmeter-3.3\bin\user.properties
2018-04-06 18:25:06,825 INFO o.a.j.JMeter: Loading system properties from: C:\Users\Yajana\apache-jmeter\jmeter-setup\apache-jmeter-3.3\bin\system.properties
2018-04-06 18:25:06,825 INFO o.a.j.JMeter: Setting Global property: users=2
2018-04-06 18:25:06,826 INFO o.a.j.JMeter: Setting Global property: rampup=3
2018-04-06 18:25:06,826 INFO o.a.j.JMeter: Setting Global property: count=2
2018-04-06 18:25:06,826 INFO o.a.j.JMeter: Setting Global property: duration=2400
2018-04-06 18:25:06,826 INFO o.a.j.JMeter: Setting Global property: Url=https://app.mammoth.io/#/login
2018-04-06 18:25:06,830 INFO o.a.j.JMeter: Copyright (c) 1998-2017 The Apache Software Foundation
2018-04-06 18:25:06,830 INFO o.a.j.JMeter: Version 3.3 r1808647
2018-04-06 18:25:06,830 INFO o.a.j.JMeter: java.version=1.8.0_161
2018-04-06 18:25:06,830 INFO o.a.j.JMeter: java.vm.name=Java HotSpot(TM) 64-Bit Server VM
2018-04-06 18:25:06,830 INFO o.a.j.JMeter: os.name=Windows 10
2018-04-06 18:25:06,830 INFO o.a.j.JMeter: os.arch=amd64
2018-04-06 18:25:06,830 INFO o.a.j.JMeter: os.version=10.0
2018-04-06 18:25:06,830 INFO o.a.j.JMeter: file.encoding=Cp1252
2018-04-06 18:25:06,830 INFO o.a.j.JMeter: Max memory     =536870912
2018-04-06 18:25:06,830 INFO o.a.j.JMeter: Available Processors =4
2018-04-06 18:25:06,833 INFO o.a.j.JMeter: Default Locale=English (India)
2018-04-06 18:25:06,833 INFO o.a.j.JMeter: JMeter  Locale=English (India)
2018-04-06 18:25:06,833 INFO o.a.j.JMeter: JMeterHome=C:\Users\Yajana\apache-jmeter\jmeter-setup\apache-jmeter-3.3
2018-04-06 18:25:06,833 INFO o.a.j.JMeter: user.dir  =C:\Users\Yajana\PycharmProjects\Distributed-setup-4\Distributed-Setup\Client
2018-04-06 18:25:06,834 INFO o.a.j.JMeter: PWD       =C:\Users\Yajana\PycharmProjects\Distributed-setup-4\Distributed-Setup\Client
2018-04-06 18:25:11,340 INFO o.a.j.JMeter: IP: 192.168.216.2 Name: DESKTOP-4HBDBJJ FullName: DESKTOP-4HBDBJJ
2018-04-06 18:25:11,349 INFO o.a.j.s.FileServer: Default base='C:\Users\Yajana\PycharmProjects\Distributed-setup-4\Distributed-Setup\Client'
2018-04-06 18:25:11,349 INFO o.a.j.s.FileServer: Set new base='C:\Users\Yajana\PycharmProjects\Distributed-setup-4\Distributed-Setup\Client'
2018-04-06 18:25:11,513 INFO o.a.j.s.SaveService: Testplan (JMX) version: 2.2. Testlog (JTL) version: 2.2
2018-04-06 18:25:11,540 INFO o.a.j.s.SaveService: Using SaveService properties file encoding UTF-8
2018-04-06 18:25:11,543 INFO o.a.j.s.SaveService: Using SaveService properties version 3.2
2018-04-06 18:25:11,547 INFO o.a.j.s.SaveService: Loading file: C:\Users\Yajana\PycharmProjects\Distributed-setup-4\Distributed-Setup\Client\file_received.jmx
2018-04-06 18:25:11,594 INFO o.a.j.s.SampleResult: Note: Sample TimeStamps are START times
2018-04-06 18:25:11,594 INFO o.a.j.s.SampleResult: sampleresult.default.encoding is set to ISO-8859-1
2018-04-06 18:25:11,594 INFO o.a.j.s.SampleResult: sampleresult.useNanoTime=true
2018-04-06 18:25:11,594 INFO o.a.j.s.SampleResult: sampleresult.nanoThreadSleep=5000
2018-04-06 18:25:11,601 ERROR o.a.j.JMeter: Error in NonGUIDriver
java.lang.IllegalArgumentException: Problem loading XML from:'C:\Users\Yajana\PycharmProjects\Distributed-setup-4\Distributed-Setup\Client\file_received.jmx', missing class com.thoughtworks.xstream.converters.ConversionException: 
---- Debugging information ----
cause-exception     : com.thoughtworks.xstream.converters.ConversionException
cause-message       : 
first-jmeter-class  : org.apache.jmeter.save.converters.TestElementConverter.unmarshal(TestElementConverter.java:107)
class               : org.apache.jmeter.save.ScriptWrapper
required-type       : org.apache.jmeter.testelement.property.BooleanProperty
converter-type      : org.apache.jmeter.save.ScriptWrapperConverter
path                : /jmeterTestPlan/hashTree/WorkBench/boolProp
line number         : 325
version             : 3.3 r1808647
-------------------------------
	at org.apache.jmeter.save.SaveService.readTree(SaveService.java:458) ~[ApacheJMeter_core%20-%20Copy.jar:3.3 r1808647]
	at org.apache.jmeter.save.SaveService.loadTree(SaveService.java:426) ~[ApacheJMeter_core%20-%20Copy.jar:3.3 r1808647]
	at org.apache.jmeter.JMeter.runNonGui(JMeter.java:923) [ApacheJMeter_core%20-%20Copy.jar:3.3 r1808647]
	at org.apache.jmeter.JMeter.startNonGui(JMeter.java:910) [ApacheJMeter_core%20-%20Copy.jar:3.3 r1808647]
	at org.apache.jmeter.JMeter.start(JMeter.java:538) [ApacheJMeter_core%20-%20Copy.jar:3.3 r1808647]
	at sun.reflect.NativeMethodAccessorImpl.invoke0(Native Method) ~[?:1.8.0_161]
	at sun.reflect.NativeMethodAccessorImpl.invoke(Unknown Source) ~[?:1.8.0_161]
	at sun.reflect.DelegatingMethodAccessorImpl.invoke(Unknown Source) ~[?:1.8.0_161]
	at java.lang.reflect.Method.invoke(Unknown Source) ~[?:1.8.0_161]
	at org.apache.jmeter.NewDriver.main(NewDriver.java:248) [ApacheJMeter.jar:3.3 r1808647]
Caused by: com.thoughtworks.xstream.converters.ConversionException: 
---- Debugging information ----
cause-exception     : com.thoughtworks.xstream.converters.ConversionException
cause-message       : 
first-jmeter-class  : org.apache.jmeter.save.converters.TestElementConverter.unmarshal(TestElementConverter.java:107)
class               : org.apache.jmeter.save.ScriptWrapper
required-type       : org.apache.jmeter.testelement.property.BooleanProperty
converter-type      : org.apache.jmeter.save.ScriptWrapperConverter
path                : /jmeterTestPlan/hashTree/WorkBench/boolProp
line number         : 325
version             : 3.3 r1808647
-------------------------------
	at org.apache.jmeter.save.ScriptWrapperConverter.createConversionException(ScriptWrapperConverter.java:103) ~[ApacheJMeter_core%20-%20Copy.jar:3.3 r1808647]
	at org.apache.jmeter.save.ScriptWrapperConverter.unmarshal(ScriptWrapperConverter.java:97) ~[ApacheJMeter_core%20-%20Copy.jar:3.3 r1808647]
	at com.thoughtworks.xstream.core.TreeUnmarshaller.convert(TreeUnmarshaller.java:72) ~[xstream-1.4.10.jar:1.4.10]
	at com.thoughtworks.xstream.core.AbstractReferenceUnmarshaller.convert(AbstractReferenceUnmarshaller.java:70) ~[xstream-1.4.10.jar:1.4.10]
	at com.thoughtworks.xstream.core.TreeUnmarshaller.convertAnother(TreeUnmarshaller.java:66) ~[xstream-1.4.10.jar:1.4.10]
	at com.thoughtworks.xstream.core.TreeUnmarshaller.convertAnother(TreeUnmarshaller.java:50) ~[xstream-1.4.10.jar:1.4.10]
	at com.thoughtworks.xstream.core.TreeUnmarshaller.start(TreeUnmarshaller.java:134) ~[xstream-1.4.10.jar:1.4.10]
	at com.thoughtworks.xstream.core.AbstractTreeMarshallingStrategy.unmarshal(AbstractTreeMarshallingStrategy.java:32) ~[xstream-1.4.10.jar:1.4.10]
	at com.thoughtworks.xstream.XStream.unmarshal(XStream.java:1486) ~[xstream-1.4.10.jar:1.4.10]
	at com.thoughtworks.xstream.XStream.unmarshal(XStream.java:1466) ~[xstream-1.4.10.jar:1.4.10]
	at com.thoughtworks.xstream.XStream.fromXML(XStream.java:1337) ~[xstream-1.4.10.jar:1.4.10]
	at org.apache.jmeter.save.SaveService.readTree(SaveService.java:443) ~[ApacheJMeter_core%20-%20Copy.jar:3.3 r1808647]
	... 9 more
Caused by: com.thoughtworks.xstream.converters.ConversionException: 
---- Debugging information ----
cause-exception     : java.lang.ArrayIndexOutOfBoundsException
cause-message       : 20786
class               : org.apache.jmeter.testelement.property.BooleanProperty
required-type       : org.apache.jmeter.testelement.property.BooleanProperty
converter-type      : org.apache.jmeter.save.converters.BooleanPropertyConverter
path                : /jmeterTestPlan/hashTree/WorkBench/boolProp
line number         : 325
class[1]            : org.apache.jmeter.testelement.WorkBench
converter-type[1]   : org.apache.jmeter.save.converters.TestElementConverter
class[2]            : org.apache.jorphan.collections.ListedHashTree
converter-type[2]   : org.apache.jmeter.save.converters.HashTreeConverter
-------------------------------
	at com.thoughtworks.xstream.core.TreeUnmarshaller.convert(TreeUnmarshaller.java:79) ~[xstream-1.4.10.jar:1.4.10]
	at com.thoughtworks.xstream.core.AbstractReferenceUnmarshaller.convert(AbstractReferenceUnmarshaller.java:70) ~[xstream-1.4.10.jar:1.4.10]
	at com.thoughtworks.xstream.core.TreeUnmarshaller.convertAnother(TreeUnmarshaller.java:66) ~[xstream-1.4.10.jar:1.4.10]
	at com.thoughtworks.xstream.core.TreeUnmarshaller.convertAnother(TreeUnmarshaller.java:50) ~[xstream-1.4.10.jar:1.4.10]
	at com.thoughtworks.xstream.converters.collections.AbstractCollectionConverter.readItem(AbstractCollectionConverter.java:73) ~[xstream-1.4.10.jar:1.4.10]
	at org.apache.jmeter.save.converters.TestElementConverter.unmarshal(TestElementConverter.java:107) ~[ApacheJMeter_core%20-%20Copy.jar:3.3 r1808647]
	at com.thoughtworks.xstream.core.TreeUnmarshaller.convert(TreeUnmarshaller.java:72) ~[xstream-1.4.10.jar:1.4.10]
	at com.thoughtworks.xstream.core.AbstractReferenceUnmarshaller.convert(AbstractReferenceUnmarshaller.java:70) ~[xstream-1.4.10.jar:1.4.10]
	at com.thoughtworks.xstream.core.TreeUnmarshaller.convertAnother(TreeUnmarshaller.java:66) ~[xstream-1.4.10.jar:1.4.10]
	at com.thoughtworks.xstream.core.TreeUnmarshaller.convertAnother(TreeUnmarshaller.java:50) ~[xstream-1.4.10.jar:1.4.10]
	at com.thoughtworks.xstream.converters.collections.AbstractCollectionConverter.readItem(AbstractCollectionConverter.java:73) ~[xstream-1.4.10.jar:1.4.10]
	at org.apache.jmeter.save.converters.HashTreeConverter.unmarshal(HashTreeConverter.java:67) ~[ApacheJMeter_core%20-%20Copy.jar:3.3 r1808647]
	at com.thoughtworks.xstream.core.TreeUnmarshaller.convert(TreeUnmarshaller.java:72) ~[xstream-1.4.10.jar:1.4.10]
	at com.thoughtworks.xstream.core.AbstractReferenceUnmarshaller.convert(AbstractReferenceUnmarshaller.java:70) ~[xstream-1.4.10.jar:1.4.10]
	at com.thoughtworks.xstream.core.TreeUnmarshaller.convertAnother(TreeUnmarshaller.java:66) ~[xstream-1.4.10.jar:1.4.10]
	at com.thoughtworks.xstream.core.TreeUnmarshaller.convertAnother(TreeUnmarshaller.java:50) ~[xstream-1.4.10.jar:1.4.10]
	at org.apache.jmeter.save.ScriptWrapperConverter.unmarshal(ScriptWrapperConverter.java:95) ~[ApacheJMeter_core%20-%20Copy.jar:3.3 r1808647]
	at com.thoughtworks.xstream.core.TreeUnmarshaller.convert(TreeUnmarshaller.java:72) ~[xstream-1.4.10.jar:1.4.10]
	at com.thoughtworks.xstream.core.AbstractReferenceUnmarshaller.convert(AbstractReferenceUnmarshaller.java:70) ~[xstream-1.4.10.jar:1.4.10]
	at com.thoughtworks.xstream.core.TreeUnmarshaller.convertAnother(TreeUnmarshaller.java:66) ~[xstream-1.4.10.jar:1.4.10]
	at com.thoughtworks.xstream.core.TreeUnmarshaller.convertAnother(TreeUnmarshaller.java:50) ~[xstream-1.4.10.jar:1.4.10]
	at com.thoughtworks.xstream.core.TreeUnmarshaller.start(TreeUnmarshaller.java:134) ~[xstream-1.4.10.jar:1.4.10]
	at com.thoughtworks.xstream.core.AbstractTreeMarshallingStrategy.unmarshal(AbstractTreeMarshallingStrategy.java:32) ~[xstream-1.4.10.jar:1.4.10]
	at com.thoughtworks.xstream.XStream.unmarshal(XStream.java:1486) ~[xstream-1.4.10.jar:1.4.10]
	at com.thoughtworks.xstream.XStream.unmarshal(XStream.java:1466) ~[xstream-1.4.10.jar:1.4.10]
	at com.thoughtworks.xstream.XStream.fromXML(XStream.java:1337) ~[xstream-1.4.10.jar:1.4.10]
	at org.apache.jmeter.save.SaveService.readTree(SaveService.java:443) ~[ApacheJMeter_core%20-%20Copy.jar:3.3 r1808647]
	... 9 more
Caused by: java.lang.ArrayIndexOutOfBoundsException: 20786
	at org.xmlpull.mxp1.MXParser.parsePI(MXParser.java:2447) ~[xpp3_min-1.1.4c.jar:?]
	at org.xmlpull.mxp1.MXParser.nextImpl(MXParser.java:1245) ~[xpp3_min-1.1.4c.jar:?]
	at org.xmlpull.mxp1.MXParser.next(MXParser.java:1093) ~[xpp3_min-1.1.4c.jar:?]
	at com.thoughtworks.xstream.io.xml.XppReader.pullNextEvent(XppReader.java:109) ~[xstream-1.4.10.jar:1.4.10]
	at com.thoughtworks.xstream.io.xml.AbstractPullReader.readRealEvent(AbstractPullReader.java:148) ~[xstream-1.4.10.jar:1.4.10]
	at com.thoughtworks.xstream.io.xml.AbstractPullReader.readEvent(AbstractPullReader.java:135) ~[xstream-1.4.10.jar:1.4.10]
	at com.thoughtworks.xstream.io.xml.AbstractPullReader.getValue(AbstractPullReader.java:180) ~[xstream-1.4.10.jar:1.4.10]
	at com.thoughtworks.xstream.io.ReaderWrapper.getValue(ReaderWrapper.java:48) ~[xstream-1.4.10.jar:1.4.10]
	at org.apache.jmeter.save.converters.BooleanPropertyConverter.unmarshal(BooleanPropertyConverter.java:63) ~[ApacheJMeter_core%20-%20Copy.jar:3.3 r1808647]
	at com.thoughtworks.xstream.core.TreeUnmarshaller.convert(TreeUnmarshaller.java:72) ~[xstream-1.4.10.jar:1.4.10]
	at com.thoughtworks.xstream.core.AbstractReferenceUnmarshaller.convert(AbstractReferenceUnmarshaller.java:70) ~[xstream-1.4.10.jar:1.4.10]
	at com.thoughtworks.xstream.core.TreeUnmarshaller.convertAnother(TreeUnmarshaller.java:66) ~[xstream-1.4.10.jar:1.4.10]
	at com.thoughtworks.xstream.core.TreeUnmarshaller.convertAnother(TreeUnmarshaller.java:50) ~[xstream-1.4.10.jar:1.4.10]
	at com.thoughtworks.xstream.converters.collections.AbstractCollectionConverter.readItem(AbstractCollectionConverter.java:73) ~[xstream-1.4.10.jar:1.4.10]
	at org.apache.jmeter.save.converters.TestElementConverter.unmarshal(TestElementConverter.java:107) ~[ApacheJMeter_core%20-%20Copy.jar:3.3 r1808647]
	at com.thoughtworks.xstream.core.TreeUnmarshaller.convert(TreeUnmarshaller.java:72) ~[xstream-1.4.10.jar:1.4.10]
	at com.thoughtworks.xstream.core.AbstractReferenceUnmarshaller.convert(AbstractReferenceUnmarshaller.java:70) ~[xstream-1.4.10.jar:1.4.10]
	at com.thoughtworks.xstream.core.TreeUnmarshaller.convertAnother(TreeUnmarshaller.java:66) ~[xstream-1.4.10.jar:1.4.10]
	at com.thoughtworks.xstream.core.TreeUnmarshaller.convertAnother(TreeUnmarshaller.java:50) ~[xstream-1.4.10.jar:1.4.10]
	at com.thoughtworks.xstream.converters.collections.AbstractCollectionConverter.readItem(AbstractCollectionConverter.java:73) ~[xstream-1.4.10.jar:1.4.10]
	at org.apache.jmeter.save.converters.HashTreeConverter.unmarshal(HashTreeConverter.java:67) ~[ApacheJMeter_core%20-%20Copy.jar:3.3 r1808647]
	at com.thoughtworks.xstream.core.TreeUnmarshaller.convert(TreeUnmarshaller.java:72) ~[xstream-1.4.10.jar:1.4.10]
	at com.thoughtworks.xstream.core.AbstractReferenceUnmarshaller.convert(AbstractReferenceUnmarshaller.java:70) ~[xstream-1.4.10.jar:1.4.10]
	at com.thoughtworks.xstream.core.TreeUnmarshaller.convertAnother(TreeUnmarshaller.java:66) ~[xstream-1.4.10.jar:1.4.10]
	at com.thoughtworks.xstream.core.TreeUnmarshaller.convertAnother(TreeUnmarshaller.java:50) ~[xstream-1.4.10.jar:1.4.10]
	at org.apache.jmeter.save.ScriptWrapperConverter.unmarshal(ScriptWrapperConverter.java:95) ~[ApacheJMeter_core%20-%20Copy.jar:3.3 r1808647]
	at com.thoughtworks.xstream.core.TreeUnmarshaller.convert(TreeUnmarshaller.java:72) ~[xstream-1.4.10.jar:1.4.10]
	at com.thoughtworks.xstream.core.AbstractReferenceUnmarshaller.convert(AbstractReferenceUnmarshaller.java:70) ~[xstream-1.4.10.jar:1.4.10]
	at com.thoughtworks.xstream.core.TreeUnmarshaller.convertAnother(TreeUnmarshaller.java:66) ~[xstream-1.4.10.jar:1.4.10]
	at com.thoughtworks.xstream.core.TreeUnmarshaller.convertAnother(TreeUnmarshaller.java:50) ~[xstream-1.4.10.jar:1.4.10]
	at com.thoughtworks.xstream.core.TreeUnmarshaller.start(TreeUnmarshaller.java:134) ~[xstream-1.4.10.jar:1.4.10]
	at com.thoughtworks.xstream.core.AbstractTreeMarshallingStrategy.unmarshal(AbstractTreeMarshallingStrategy.java:32) ~[xstream-1.4.10.jar:1.4.10]
	at com.thoughtworks.xstream.XStream.unmarshal(XStream.java:1486) ~[xstream-1.4.10.jar:1.4.10]
	at com.thoughtworks.xstream.XStream.unmarshal(XStream.java:1466) ~[xstream-1.4.10.jar:1.4.10]
	at com.thoughtworks.xstream.XStream.fromXML(XStream.java:1337) ~[xstream-1.4.10.jar:1.4.10]
	at org.apache.jmeter.save.SaveService.readTree(SaveService.java:443) ~[ApacheJMeter_core%20-%20Copy.jar:3.3 r1808647]
	... 9 more
